make all --print-data-base --no-builtin-variables --no-builtin-rules --question
# GNU Make 4.2.1
# Built for x86_64-pc-linux-gnu
# Copyright (C) 1988-2016 Free Software Foundation, Inc.
# License GPLv3+: GNU GPL version 3 or later <http://gnu.org/licenses/gpl.html>
# This is free software: you are free to change and redistribute it.
# There is NO WARRANTY, to the extent permitted by law.
 

# Make data base, printed on Mon May 30 22:04:16 2022

# Variables

# 'override' directive
GNUMAKEFLAGS := 
# automatic
<D = $(patsubst %/,%,$(dir $<))
# automatic
?F = $(notdir $?)
# environment
DESKTOP_SESSION = ubuntu
# default
.SHELLFLAGS := -c
# makefile (from 'Makefile', line 27)
OBJ = $(patsubst %, $(ODIR)/%,$(_OBJ))
# environment
XDG_SESSION_CLASS = user
# environment
SNAP_COMMON = /var/snap/code/common
# environment
XDG_SESSION_TYPE = x11
# environment
VSCODE_LOG_NATIVE = false
# automatic
?D = $(patsubst %/,%,$(dir $?))
# environment
IM_CONFIG_PHASE = 1
# makefile (from 'Makefile', line 4)
DEFS = 
# automatic
@D = $(patsubst %/,%,$(dir $@))
# environment
XAUTHORITY = /run/user/1000/gdm/Xauthority
# environment
GDMSESSION = ubuntu
# environment
XMODIFIERS = @im=ibus
# makefile
CURDIR := /home/alice/Documents/USP/2022.1/COMPILADORES/T1
# makefile
SHELL = /bin/sh
# environment
SNAP_DATA = /var/snap/code/97
# environment
VSCODE_NLS_CONFIG = {"locale":"en-us","availableLanguages":{},"_languagePackSupport":true}
# environment
JOURNAL_STREAM = 8:46895
# makefile (from 'Makefile', line 6)
CFLAGS = $(DEFS) -g -Wall 
# environment
XDG_CONFIG_DIRS = /etc/xdg/xdg-ubuntu:/etc/xdg
# environment
SNAP_INSTANCE_NAME = code
# environment
SNAP_ARCH = amd64
# makefile (from 'Makefile', line 1)
MAKEFILE_LIST :=  Makefile
# automatic
@F = $(notdir $@)
# environment
GIO_LAUNCHED_DESKTOP_FILE = /var/lib/snapd/desktop/applications/code_code.desktop
# environment
USERNAME = alice
# environment
MAKELEVEL := 0
# environment
MANDATORY_PATH = /usr/share/gconf/ubuntu.mandatory.path
# environment
XDG_DATA_DIRS = /usr/share/ubuntu:/usr/local/share/:/usr/share/:/var/lib/snapd/desktop
# environment
DBUS_SESSION_BUS_ADDRESS = unix:path=/run/user/1000/bus
# environment
VSCODE_VERBOSE_LOGGING = true
# environment
_ = /snap/code/97/usr/share/code/code
# environment
LC_CTYPE = pt_BR.UTF-8
# environment
MANAGERPID = 1583
# environment
LESSOPEN = | /usr/bin/lesspipe %s
# environment
LC_NAME = pt_BR.UTF-8
# environment
VSCODE_CWD = /home/alice
# environment
GSETTINGS_SCHEMA_DIR = /snap/code/97/usr/share/glib-2.0/schemas
# default
MAKE_HOST := x86_64-pc-linux-gnu
# environment
PATH = /home/alice/.local/bin:/home/alice/bin:/home/alice/.local/bin:/home/alice/bin:/usr/local/sbin:/usr/local/bin:/usr/sbin:/usr/bin:/sbin:/bin:/usr/games:/usr/local/games:/snap/bin
# environment
GPG_AGENT_INFO = /run/user/1000/gnupg/S.gpg-agent:0:1
# environment
SESSION_MANAGER = local/alice-lenovo:@/tmp/.ICE-unix/1815,unix/alice-lenovo:/tmp/.ICE-unix/1815
# environment
XDG_RUNTIME_DIR = /run/user/1000
# environment
GDK_PIXBUF_MODULE_FILE = /home/alice/snap/code/common/.cache/gdk-pixbuf-loaders.cache
# environment
SNAP = /snap/code/97
# environment
SNAP_VERSION = c3511e6c
# environment
XDG_MENU_PREFIX = gnome-
# environment
VSCODE_LOG_STACK = false
# environment
DISABLE_WAYLAND = 1
# environment
ELECTRON_RUN_AS_NODE = 1
# environment
INVOCATION_ID = 6f28dd6477ed4f338793217d64a124ca
# environment
GDK_PIXBUF_MODULEDIR = /snap/code/97/usr/lib/x86_64-linux-gnu/gdk-pixbuf-2.0/2.10.0/loaders
# default
.FEATURES := target-specific order-only second-expansion else-if shortest-stem undefine oneshell archives jobserver output-sync check-symlink load
# environment
LS_COLORS = 
# environment
XDG_SESSION_DESKTOP = ubuntu
# environment
SSH_AUTH_SOCK = /run/user/1000/keyring/ssh
# environment
GIO_LAUNCHED_DESKTOP_FILE_PID = 46464
# automatic
%F = $(notdir $%)
# makefile (from 'Makefile', line 22)
_DEPS = lexer.h parser.h vector.h
# environment
DISPLAY = :0
# makefile (from 'Makefile', line 17)
CDIR = src
# environment
VSCODE_PIPE_LOGGING = true
# environment
SNAP_INSTANCE_KEY = 
# environment
PWD = /home/alice/Documents/USP/2022.1/COMPILADORES/T1
# default
.LOADED := 
# environment
SSH_AGENT_PID = 1777
# environment
ORIGINAL_XDG_CURRENT_DESKTOP = ubuntu:GNOME
# environment
GTK_MODULES = gail:atk-bridge
# environment
VSCODE_AMD_ENTRYPOINT = vs/workbench/api/node/extensionHostProcess
# environment
HOME = /home/alice
# environment
LESSCLOSE = /usr/bin/lesspipe %s %s
# makefile (from 'Makefile', line 15)
HDIR = header
# environment
VSCODE_CLI = 1
# environment
VSCODE_CODE_CACHE_PATH = /home/alice/.config/Code/CachedData/c3511e6c69bb39013c4a4b7b9566ec1ca73fc4d5
# environment
LOGNAME = alice
# environment
APPLICATION_INSIGHTS_NO_DIAGNOSTIC_CHANNEL = true
# environment
SNAP_LIBRARY_PATH = /var/lib/snapd/lib/gl:/var/lib/snapd/lib/gl32:/var/lib/snapd/void
# environment
SNAP_CONTEXT = h615TuKxwEWofTGY5reH5Egol3EV0DlP-KOZGmkJcCDC0FsIsQbI
# automatic
+F = $(notdir $+)
# environment
ELECTRON_NO_ATTACH_CONSOLE = 1
# environment
SNAP_USER_COMMON = /home/alice/snap/code/common
# environment
VSCODE_HANDLES_UNCAUGHT_ERRORS = true
# environment
GNOME_DESKTOP_SESSION_ID = this-is-deprecated
# automatic
^D = $(patsubst %/,%,$(dir $^))
# environment
LC_TIME = pt_BR.UTF-8
# environment
SNAP_REAL_HOME = /home/alice
# default
MAKE = $(MAKE_COMMAND)
# default
MAKECMDGOALS := all
# environment
QT_IM_MODULE = ibus
# environment
QT_DEVICE_PIXEL_RATIO = auto
# environment
SNAP_USER_DATA = /home/alice/snap/code/97
# environment
SHLVL = 0
# makefile (from 'Makefile', line 2)
CC = gcc			
# environment
GNOME_SHELL_SESSION_MODE = ubuntu
# makefile (from 'Makefile', line 19)
ODIR = build
# environment
VSCODE_IPC_HOOK_EXTHOST = /run/user/1000/vscode-ipc-af44b098-754f-415a-82c0-c8a29f323c2e.sock
# makefile (from 'Makefile', line 9)
EXEC = compiler
# default
MAKE_VERSION := 4.2.1
# environment
USER = alice
# environment
SNAP_REVISION = 97
# environment
LC_MONETARY = pt_BR.UTF-8
# makefile
.DEFAULT_GOAL := all
# environment
XDG_CURRENT_DESKTOP = Unity
# automatic
%D = $(patsubst %/,%,$(dir $%))
# environment
LC_TELEPHONE = pt_BR.UTF-8
# default
MAKE_COMMAND := make
# default
.VARIABLES := 
# automatic
*F = $(notdir $*)
# environment
VSCODE_IPC_HOOK = /run/user/1000/vscode-545fe49c-1.67.2-main.sock
# environment
BAMF_DESKTOP_FILE_HINT = /var/lib/snapd/desktop/applications/code_code.desktop
# makefile
MAKEFLAGS = pqrR
# environment
MFLAGS = -pqrR
# automatic
*D = $(patsubst %/,%,$(dir $*))
# environment
PT8HOME = /opt/pt
# automatic
+D = $(patsubst %/,%,$(dir $+))
# environment
GDK_BACKEND = x11
# environment
LC_PAPER = pt_BR.UTF-8
# environment
LC_IDENTIFICATION = pt_BR.UTF-8
# environment
QT_ACCESSIBILITY = 1
# environment
DEFAULTS_PATH = /usr/share/gconf/ubuntu.default.path
# default
MAKEFILES := 
# environment
SNAP_COOKIE = h615TuKxwEWofTGY5reH5Egol3EV0DlP-KOZGmkJcCDC0FsIsQbI
# environment
LC_NUMERIC = pt_BR.UTF-8
# automatic
<F = $(notdir $<)
# environment
LC_MEASUREMENT = pt_BR.UTF-8
# environment
SNAP_NAME = code
# environment
LC_ALL = C
# environment
GJS_DEBUG_TOPICS = JS ERROR;JS LOG
# makefile (from 'Makefile', line 12)
LIBS = 
# automatic
^F = $(notdir $^)
# makefile (from 'Makefile', line 26)
_OBJ = main.o lexer.o parser.o vector.o
# makefile (from 'Makefile', line 23)
DEPS = $(patsubst %,$(HDIR)/%,$(_DEPS))
# default
SUFFIXES := 
# environment
SNAP_REEXEC = 
# environment
CHROME_DESKTOP = code-url-handler.desktop
# environment
WINDOWPATH = 2
# default
.INCLUDE_DIRS = /usr/include /usr/local/include /usr/include
# environment
GJS_DEBUG_OUTPUT = stderr
# default
.RECIPEPREFIX := 
# environment
LC_ADDRESS = pt_BR.UTF-8
# environment
LANG = C
# environment
VSCODE_PID = 46514
# makefile (from 'Makefile', line 30)
dir_guard = @mkdir -p $(@D)
# variable set hash-table stats:
# Load=147/1024=14%, Rehash=0, Collisions=29/188=15%

# Pattern-specific Variable Values

# No pattern-specific variable values.

# Directories

# . (device 2060, inode 19926062): 9 files, no impossibilities.
# header (device 2060, inode 19926065): 5 files, no impossibilities so far.
# src (device 2060, inode 19926063): 3 files, no impossibilities so far.

# 17 files, no impossibilities in 3 directories.

# Implicit Rules

build/%.o: src/%.c header/lexer.h header/parser.h header/vector.h
#  recipe to execute (from 'Makefile', line 34):
	$(dir_guard)
	$(CC) -c -o $@ $< $(CFLAGS)

# 1 implicit rules, 0 (0.0%) terminal.

# Files

build/main.o: src/main.c header/lexer.h header/parser.h header/vector.h
#  Implicit rule search has been done.
#  Implicit/static pattern stem: 'main'
#  Last modified 2022-05-30 22:04:07.041130158
#  File has been updated.
#  Successfully updated.
 
#  recipe to execute (from 'Makefile', line 34):
	$(dir_guard)
	$(CC) -c -o $@ $< $(CFLAGS)

all: build/main.o build/lexer.o build/parser.o build/vector.o
#  Phony target (prerequisite of .PHONY).
#  Command line target.
#  Implicit rule search has not been done.
#  File does not exist.
#  File has been updated.
#  Needs to be updated (-q is set).
# variable set hash-table stats:
# Load=0/32=0%, Rehash=0, Collisions=0/8=0%
#  recipe to execute (from 'Makefile', line 40):
	$(CC) -o $(EXEC) $^ $(CFLAGS) $(LIBS)

build/lexer.o: src/lexer.c header/lexer.h header/parser.h header/vector.h
#  Implicit rule search has been done.
#  Implicit/static pattern stem: 'lexer'
#  File does not exist.
#  File has been updated.
#  Needs to be updated (-q is set).
# automatic
# @ := build/lexer.o
# automatic
# % := 
# automatic
# * := lexer
# automatic
# + := src/lexer.c header/lexer.h header/parser.h header/vector.h
# automatic
# | := 
# automatic
# < := src/lexer.c
# automatic
# ^ := src/lexer.c header/lexer.h header/parser.h header/vector.h
# automatic
# ? := src/lexer.c header/lexer.h header/parser.h header/vector.h
# variable set hash-table stats:
# Load=8/32=25%, Rehash=0, Collisions=1/19=5%
#  recipe to execute (from 'Makefile', line 34):
	$(dir_guard)
	$(CC) -c -o $@ $< $(CFLAGS)

.PHONY: all run debug valgrind clean
#  Implicit rule search has not been done.
#  Modification time never checked.
#  File has not been updated.

# Not a target:
Makefile:
#  Implicit rule search has been done.
#  Last modified 2022-05-30 22:04:02.425134783
#  File has been updated.
#  Successfully updated.

debug:
#  Phony target (prerequisite of .PHONY).
#  Implicit rule search has not been done.
#  File does not exist.
#  File has not been updated.
#  recipe to execute (from 'Makefile', line 50):
	gdb ./$(EXEC)

# Not a target:
header/vector.h:
#  Implicit rule search has been done.
#  Last modified 2022-05-30 21:25:20.462424741
#  File has been updated.
#  Successfully updated.

# Not a target:
src/main.c:
#  Implicit rule search has been done.
#  Last modified 2022-05-30 21:28:45.783233112
#  File has been updated.
#  Successfully updated.

# Not a target:
src/lexer.c:
#  Implicit rule search has been done.
#  Last modified 2022-05-30 22:03:11.87318945
#  File has been updated.
#  Successfully updated.

# Not a target:
.DEFAULT:
#  Implicit rule search has not been done.
#  Modification time never checked.
#  File has not been updated.

# Not a target:
header/parser.h:
#  Implicit rule search has been done.
#  Last modified 2022-05-30 21:27:14.350855979
#  File has been updated.
#  Successfully updated.

run:
#  Phony target (prerequisite of .PHONY).
#  Implicit rule search has not been done.
#  File does not exist.
#  File has not been updated.
#  recipe to execute (from 'Makefile', line 45):
	./$(EXEC)

clean:
#  Phony target (prerequisite of .PHONY).
#  Implicit rule search has not been done.
#  File does not exist.
#  File has not been updated.
#  recipe to execute (from 'Makefile', line 60):
	rm -f $(ODIR)/*.o  

# Not a target:
build/vector.o:
#  Implicit rule search has not been done.
#  Modification time never checked.
#  File has not been updated.

# Not a target:
header/lexer.h:
#  Implicit rule search has been done.
#  Last modified 2022-05-30 21:26:48.578754365
#  File has been updated.
#  Successfully updated.

# Not a target:
build/parser.o:
#  Implicit rule search has not been done.
#  Modification time never checked.
#  File has not been updated.

valgrind:
#  Phony target (prerequisite of .PHONY).
#  Implicit rule search has not been done.
#  File does not exist.
#  File has not been updated.
#  recipe to execute (from 'Makefile', line 55):
	valgrind --leak-check=full ./$(EXEC)

# files hash-table stats:
# Load=18/1024=2%, Rehash=0, Collisions=0/64=0%
# VPATH Search Paths

# No 'vpath' search paths.

# No general ('VPATH' variable) search path.

# strcache buffers: 1 (0) / strings = 37 / storage = 338 B / avg = 9 B
# current buf: size = 8162 B / used = 338 B / count = 37 / avg = 9 B

# strcache performance: lookups = 80 / hit rate = 53%
# hash-table stats:
# Load=37/8192=0%, Rehash=0, Collisions=4/80=5%
# Finished Make data base on Mon May 30 22:04:16 2022

 
